2025-07-11 03:17:08 GUI [DEBUG] THEME: default
2025-07-11 03:17:19 Settings [DEBUG] Locale: en
2025-07-11 03:17:19 Settings [DEBUG] Locale: en
2025-07-11 03:17:19 Settings [DEBUG] Locale: en
2025-07-11 03:17:19 Settings [DEBUG] Locale: en
2025-07-11 03:17:19 Settings [DEBUG] Locale: en
2025-07-11 03:17:19 Settings [DEBUG] Locale: en
2025-07-11 03:17:19 Settings [DEBUG] Locale: en
2025-07-11 03:17:19 Settings [DEBUG] Locale: en
2025-07-11 03:17:19 Settings [DEBUG] Locale: en
2025-07-11 03:17:19 Settings [DEBUG] Locale: en
2025-07-11 03:17:19 Settings [DEBUG] Locale: en
2025-07-11 03:17:19 Settings [DEBUG] Locale: en
2025-07-11 03:17:19 Settings [DEBUG] Locale: en
2025-07-11 03:17:19 Settings [DEBUG] Locale: en
2025-07-11 03:17:19 Settings [DEBUG] Locale: en
2025-07-11 03:17:19 Settings [DEBUG] Locale: en
2025-07-11 03:17:19 Settings [DEBUG] Locale: en
2025-07-11 03:17:19 Settings [DEBUG] Locale: en
2025-07-11 03:17:19 Settings [DEBUG] Locale: en
2025-07-11 03:17:19 Settings [DEBUG] Locale: en
2025-07-11 03:17:19 Settings [DEBUG] Locale: en
2025-07-11 03:17:19 Settings [DEBUG] Locale: en
2025-07-11 03:17:19 Settings [DEBUG] Locale: en
2025-07-11 03:17:19 Settings [DEBUG] Locale: en
2025-07-11 03:18:15 Settings [DEBUG] Locale: en
2025-07-11 03:18:15 Settings [DEBUG] Locale: en
2025-07-11 03:18:15 Settings [DEBUG] Locale: en
2025-07-11 03:18:15 Settings [DEBUG] Locale: en
2025-07-11 03:18:15 Settings [DEBUG] Locale: en
2025-07-11 03:18:15 GUI [DEBUG] THEME: default
2025-07-11 03:18:15 GUI [DEBUG] THEME: default
2025-07-11 03:18:15 GUI [DEBUG] THEME: default
2025-07-11 03:18:15 GUI [DEBUG] THEME: default
2025-07-11 03:18:15 GUI [DEBUG] THEME: default
2025-07-11 03:18:15 GUI [DEBUG] THEME: default
2025-07-11 03:18:15 GUI [DEBUG] THEME: default
2025-07-11 03:18:15 GUI [DEBUG] THEME: default
2025-07-11 03:18:15 GUI [DEBUG] THEME: default
2025-07-11 03:18:15 GUI [DEBUG] THEME: default
2025-07-11 03:18:15 GUI [DEBUG] THEME: default
2025-07-11 03:18:15 GUI [DEBUG] THEME: default
2025-07-11 03:18:15 GUI [DEBUG] THEME: default
2025-07-11 03:18:15 GUI [DEBUG] THEME: default
2025-07-11 03:18:15 GUI [DEBUG] THEME: default
2025-07-11 03:18:15 GUI [DEBUG] THEME: default
2025-07-11 03:18:15 GUI [DEBUG] THEME: default
2025-07-11 03:18:15 GUI [DEBUG] THEME: default
2025-07-11 03:18:15 GUI [DEBUG] THEME: default
2025-07-11 03:18:15 GUI [DEBUG] THEME: default
2025-07-11 03:18:15 GUI [DEBUG] THEME: default
2025-07-11 03:18:15 GUI [DEBUG] THEME: default
2025-07-11 03:18:15 GUI [DEBUG] THEME: default
2025-07-11 03:18:15 GUI [DEBUG] THEME: default
2025-07-11 03:18:15 GUI [DEBUG] THEME: default
2025-07-11 03:18:15 GUI [DEBUG] THEME: default
2025-07-11 03:18:15 GUI [DEBUG] THEME: default
2025-07-11 03:18:15 GUI [DEBUG] THEME: default
2025-07-11 03:18:15 GUI [DEBUG] THEME: default
2025-07-11 03:18:15 GUI [DEBUG] THEME: default
2025-07-11 03:18:15 GUI [DEBUG] THEME: default
2025-07-11 03:18:15 GUI [DEBUG] THEME: default
2025-07-11 03:18:15 GUI [DEBUG] THEME: default
2025-07-11 03:18:15 GUI [DEBUG] THEME: default
2025-07-11 03:18:15 GUI [DEBUG] THEME: default
2025-07-11 03:18:15 GUI [DEBUG] THEME: default
2025-07-11 03:18:15 GUI [DEBUG] THEME: default
2025-07-11 03:18:15 GUI [DEBUG] THEME: default
2025-07-11 03:18:15 GUI [DEBUG] THEME: default
2025-07-11 03:18:15 GUI [DEBUG] THEME: default
2025-07-11 03:18:15 GUI [DEBUG] THEME: default
2025-07-11 03:18:15 GUI [DEBUG] THEME: default
2025-07-11 03:18:15 GUI [DEBUG] THEME: default
2025-07-11 03:18:15 GUI [DEBUG] THEME: default
2025-07-11 03:18:15 GUI [DEBUG] THEME: default
2025-07-11 03:18:15 GUI [DEBUG] THEME: default
2025-07-11 03:18:15 GUI [DEBUG] THEME: default
2025-07-11 03:18:15 GUI [DEBUG] THEME: default
2025-07-11 03:18:15 GUI [DEBUG] THEME: default
2025-07-11 03:18:15 GUI [DEBUG] THEME: default
2025-07-11 03:18:15 GUI [DEBUG] THEME: default
2025-07-11 03:18:15 Settings [DEBUG] Locale: en
2025-07-11 03:18:15 Settings [DEBUG] Locale: en
2025-07-11 03:18:15 GameClock [DEBUG] Present number of tabs: 1
2025-07-11 03:18:15 DrawLocalSettings [DEBUG] this.time4Game.getActionCommand(): comboBoxChanged
2025-07-11 03:18:15 DrawLocalSettings [DEBUG] ****************
Starting new game: ytdytd vs. tdytdj
time 4 game: 0
time limit set: false
white on top?: false
****************
2025-07-11 03:18:19 Chessboard2D [DEBUG] square_x: 6.0 square_y: 7.0
2025-07-11 03:18:19 Chessboard [DEBUG] active_x: 6 active_y: 7
2025-07-11 03:18:23 Chessboard2D [DEBUG] square_x: 6.0 square_y: 5.0
2025-07-11 03:18:23 Game [DEBUG] next move, active player: tdytdj, color: BLACK, type: LOCAL_USER
2025-07-11 03:18:25 Chessboard2D [DEBUG] square_x: 5.0 square_y: 2.0
2025-07-11 03:18:25 Chessboard [DEBUG] active_x: 5 active_y: 2
2025-07-11 03:18:27 Chessboard2D [DEBUG] square_x: 5.0 square_y: 4.0
2025-07-11 03:18:27 Game [DEBUG] next move, active player: ytdytd, color: WHITE, type: LOCAL_USER
2025-07-11 03:18:28 Chessboard2D [DEBUG] square_x: 5.0 square_y: 2.0
2025-07-11 03:18:31 Chessboard2D [DEBUG] square_x: 5.0 square_y: 7.0
2025-07-11 03:18:31 Chessboard [DEBUG] active_x: 5 active_y: 7
2025-07-11 03:18:33 Chessboard2D [DEBUG] square_x: 6.0 square_y: 5.0
2025-07-11 03:18:33 Chessboard [DEBUG] active_x: 6 active_y: 5
2025-07-11 03:18:33 Chessboard2D [DEBUG] square_x: 5.0 square_y: 4.0
2025-07-11 03:18:34 Game [DEBUG] next move, active player: tdytdj, color: BLACK, type: LOCAL_USER
2025-07-11 03:18:54 Chessboard2D [DEBUG] square_x: 4.0 square_y: 2.0
2025-07-11 03:18:54 Chessboard [DEBUG] active_x: 4 active_y: 2
2025-07-11 03:18:55 Chessboard2D [DEBUG] square_x: 4.0 square_y: 3.0
2025-07-11 03:18:55 Game [DEBUG] next move, active player: ytdytd, color: WHITE, type: LOCAL_USER
2025-07-11 03:19:08 Chessboard2D [DEBUG] square_x: 7.0 square_y: 7.0
2025-07-11 03:19:08 Chessboard [DEBUG] active_x: 7 active_y: 7
2025-07-11 03:19:10 Chessboard2D [DEBUG] square_x: 7.0 square_y: 5.0
2025-07-11 03:19:10 Game [DEBUG] next move, active player: tdytdj, color: BLACK, type: LOCAL_USER
2025-07-11 03:19:20 Settings [DEBUG] Locale: en
2025-07-11 03:19:20 Settings [DEBUG] Locale: en
2025-07-11 03:19:20 Settings [DEBUG] Locale: en
2025-07-11 03:19:20 Settings [DEBUG] Locale: en
2025-07-11 03:19:20 Settings [DEBUG] Locale: en
2025-07-11 03:19:20 Settings [DEBUG] Locale: en
2025-07-11 03:19:20 Settings [DEBUG] Locale: en
2025-07-11 03:19:20 Settings [DEBUG] Locale: en
2025-07-11 03:19:20 Settings [DEBUG] Locale: en
2025-07-11 03:19:20 Settings [DEBUG] Locale: en
2025-07-11 03:19:20 Settings [DEBUG] Locale: en
2025-07-11 03:19:20 Settings [DEBUG] Locale: en
2025-07-11 03:19:20 Settings [DEBUG] Locale: en
2025-07-11 03:19:21 Settings [DEBUG] Locale: en
2025-07-11 03:19:21 Settings [DEBUG] Locale: en
2025-07-11 03:19:21 Settings [DEBUG] Locale: en
2025-07-11 03:19:21 Settings [DEBUG] Locale: en
2025-07-11 03:19:21 Settings [DEBUG] Locale: en
2025-07-11 03:19:21 Settings [DEBUG] Locale: en
2025-07-11 03:19:21 Settings [DEBUG] Locale: en
2025-07-11 03:19:21 Settings [DEBUG] Locale: en
2025-07-11 03:19:21 Settings [DEBUG] Locale: en
2025-07-11 03:19:21 Settings [DEBUG] Locale: en
2025-07-11 03:19:21 Settings [DEBUG] Locale: en
2025-07-11 03:19:39 Settings [DEBUG] Locale: en
2025-07-11 03:19:39 Settings [DEBUG] Locale: en
2025-07-11 03:19:39 Settings [DEBUG] Locale: en
2025-07-11 03:19:39 Settings [DEBUG] Locale: en
2025-07-11 03:19:39 Settings [DEBUG] Locale: en
2025-07-11 03:19:39 Settings [DEBUG] Locale: en
2025-07-11 03:19:39 Settings [DEBUG] Locale: en
2025-07-11 03:19:39 GameClock [DEBUG] Present number of tabs: 2
2025-07-11 03:19:39 DrawLocalSettings [DEBUG] this.time4Game.getActionCommand(): comboBoxChanged
2025-07-11 03:19:39 DrawLocalSettings [DEBUG] ****************
Starting new game: hgdck vs. CPU
time 4 game: 0
time limit set: false
white on top?: false
****************
2025-07-11 03:19:40 Chessboard2D [DEBUG] square_x: 6.0 square_y: 7.0
2025-07-11 03:19:40 Chessboard [DEBUG] active_x: 6 active_y: 7
2025-07-11 03:19:41 Chessboard2D [DEBUG] square_x: 6.0 square_y: 5.0
2025-07-11 03:19:41 Game [DEBUG] next move, active player: CPU, color: BLACK, type: COMPUTER
2025-07-11 03:19:41 Game [DEBUG] next move, active player: hgdck, color: WHITE, type: LOCAL_USER
2025-07-11 03:19:44 Chessboard2D [DEBUG] square_x: 4.0 square_y: 7.0
2025-07-11 03:19:44 Chessboard [DEBUG] active_x: 4 active_y: 7
2025-07-11 03:19:45 Chessboard2D [DEBUG] square_x: 4.0 square_y: 5.0
2025-07-11 03:19:45 Game [DEBUG] next move, active player: CPU, color: BLACK, type: COMPUTER
2025-07-11 03:19:45 Game [DEBUG] next move, active player: hgdck, color: WHITE, type: LOCAL_USER
2025-07-11 03:19:49 Chessboard2D [DEBUG] square_x: 7.0 square_y: 8.0
2025-07-11 03:19:49 Chessboard [DEBUG] active_x: 7 active_y: 8
2025-07-11 03:19:51 Chessboard2D [DEBUG] square_x: 6.0 square_y: 6.0
2025-07-11 03:19:51 Game [DEBUG] next move, active player: CPU, color: BLACK, type: COMPUTER
2025-07-11 03:19:51 Game [DEBUG] next move, active player: hgdck, color: WHITE, type: LOCAL_USER
2025-07-11 03:19:53 Chessboard2D [DEBUG] square_x: 4.0 square_y: 8.0
2025-07-11 03:19:53 Chessboard [DEBUG] active_x: 4 active_y: 8
2025-07-11 03:19:54 Chessboard2D [DEBUG] square_x: 4.0 square_y: 6.0
2025-07-11 03:19:54 Game [DEBUG] next move, active player: CPU, color: BLACK, type: COMPUTER
2025-07-11 03:19:54 Game [DEBUG] next move, active player: hgdck, color: WHITE, type: LOCAL_USER
2025-07-11 03:19:56 Chessboard2D [DEBUG] square_x: 3.0 square_y: 8.0
2025-07-11 03:19:56 Chessboard [DEBUG] active_x: 3 active_y: 8
2025-07-11 03:19:57 Chessboard2D [DEBUG] square_x: 5.0 square_y: 6.0
2025-07-11 03:19:57 Game [DEBUG] next move, active player: CPU, color: BLACK, type: COMPUTER
2025-07-11 03:19:57 Game [DEBUG] next move, active player: hgdck, color: WHITE, type: LOCAL_USER
2025-07-11 03:19:59 Chessboard2D [DEBUG] square_x: 4.0 square_y: 5.0
2025-07-11 03:19:59 Chessboard [DEBUG] active_x: 4 active_y: 5
2025-07-11 03:20:00 Chessboard2D [DEBUG] square_x: 3.0 square_y: 4.0
2025-07-11 03:20:00 Game [DEBUG] next move, active player: CPU, color: BLACK, type: COMPUTER
2025-07-11 03:20:00 Game [DEBUG] next move, active player: hgdck, color: WHITE, type: LOCAL_USER
2025-07-11 15:29:32 GUI [DEBUG] THEME: default
2025-07-11 15:29:37 Settings [DEBUG] Locale: en
2025-07-11 15:29:37 Settings [DEBUG] Locale: en
2025-07-11 15:29:37 Settings [DEBUG] Locale: en
2025-07-11 15:29:37 Settings [DEBUG] Locale: en
2025-07-11 15:29:37 Settings [DEBUG] Locale: en
2025-07-11 15:29:37 Settings [DEBUG] Locale: en
2025-07-11 15:29:37 Settings [DEBUG] Locale: en
2025-07-11 15:29:37 Settings [DEBUG] Locale: en
2025-07-11 15:29:37 Settings [DEBUG] Locale: en
2025-07-11 15:29:37 Settings [DEBUG] Locale: en
2025-07-11 15:29:37 Settings [DEBUG] Locale: en
2025-07-11 15:29:37 Settings [DEBUG] Locale: en
2025-07-11 15:29:37 Settings [DEBUG] Locale: en
2025-07-11 15:29:37 Settings [DEBUG] Locale: en
2025-07-11 15:29:37 Settings [DEBUG] Locale: en
2025-07-11 15:29:37 Settings [DEBUG] Locale: en
2025-07-11 15:29:37 Settings [DEBUG] Locale: en
2025-07-11 15:29:37 Settings [DEBUG] Locale: en
2025-07-11 15:29:37 Settings [DEBUG] Locale: en
2025-07-11 15:29:37 Settings [DEBUG] Locale: en
2025-07-11 15:29:37 Settings [DEBUG] Locale: en
2025-07-11 15:29:37 Settings [DEBUG] Locale: en
2025-07-11 15:29:37 Settings [DEBUG] Locale: en
2025-07-11 15:29:37 Settings [DEBUG] Locale: en
2025-07-11 15:30:27 Server [DEBUG] Server: running
2025-07-11 15:30:27 Server [DEBUG] Server: create new table - id: 12345
2025-07-11 15:30:27 Server [DEBUG] Server: listening port: 4449
2025-07-11 15:30:27 Client [DEBUG] Client: running
2025-07-11 15:30:27 Client [DEBUG] Client: running function: join(12345, true, sahil)
2025-07-11 15:30:27 Client [DEBUG] Client: join to server: ip:127.0.0.1 port:4449
2025-07-11 15:30:27 Server [DEBUG] Server: new connection
2025-07-11 15:30:27 Client [DEBUG] Client: send to server: table ID
2025-07-11 15:30:27 Client [DEBUG] Client: send to server: player or observer
2025-07-11 15:30:27 Client [DEBUG] Client: send to server: player nick
2025-07-11 15:30:27 Client [DEBUG] Client: send to server: password
2025-07-11 15:30:27 Server [DEBUG] Server: readed table ID: 12345
2025-07-11 15:30:27 Server [DEBUG] Server: readed joinAsPlayer: true
2025-07-11 15:30:27 Server [DEBUG] Server: readed nick: sahil
2025-07-11 15:30:27 Server [DEBUG] Server: readed password: 827ccb0eea8a706c4c34a16891f84e7b
2025-07-11 15:30:27 Server [DEBUG] Server: join as player
2025-07-11 15:30:27 Server [DEBUG] Server: wasn't all players at this table
2025-07-11 15:30:27 Client [DEBUG] Client: connection info: EVERYTHING_IS_OK
2025-07-11 15:30:27 DrawNetworkSettings [DEBUG] Client connection: succesful
2025-07-11 15:30:27 Server [DEBUG] Server: Player1 connected
2025-07-11 15:30:27 Server [DEBUG] Server: running function: sendMessageToAll(** Gracz sahil dołączył do gry **)
2025-07-11 15:30:27 Server [DEBUG] Server: running function: sendMessageToAll(** Oczekiwanie na drugiego gracza **)
2025-07-11 15:30:27 Server [DEBUG] Server: running function: run()
2025-07-11 15:30:27 Settings [DEBUG] Locale: en
2025-07-11 15:30:27 Settings [DEBUG] Locale: en
2025-07-11 15:30:27 Settings [DEBUG] Locale: en
2025-07-11 15:30:27 Settings [DEBUG] Locale: en
2025-07-11 15:30:27 Settings [DEBUG] Locale: en
2025-07-11 15:30:27 GUI [DEBUG] THEME: default
2025-07-11 15:30:27 GUI [DEBUG] THEME: default
2025-07-11 15:30:27 GUI [DEBUG] THEME: default
2025-07-11 15:30:27 GUI [DEBUG] THEME: default
2025-07-11 15:30:27 GUI [DEBUG] THEME: default
2025-07-11 15:30:27 GUI [DEBUG] THEME: default
2025-07-11 15:30:27 GUI [DEBUG] THEME: default
2025-07-11 15:30:27 GUI [DEBUG] THEME: default
2025-07-11 15:30:27 GUI [DEBUG] THEME: default
2025-07-11 15:30:27 GUI [DEBUG] THEME: default
2025-07-11 15:30:27 GUI [DEBUG] THEME: default
2025-07-11 15:30:28 GUI [DEBUG] THEME: default
2025-07-11 15:30:28 GUI [DEBUG] THEME: default
2025-07-11 15:30:28 GUI [DEBUG] THEME: default
2025-07-11 15:30:28 GUI [DEBUG] THEME: default
2025-07-11 15:30:28 GUI [DEBUG] THEME: default
2025-07-11 15:30:28 GUI [DEBUG] THEME: default
2025-07-11 15:30:28 GUI [DEBUG] THEME: default
2025-07-11 15:30:28 GUI [DEBUG] THEME: default
2025-07-11 15:30:28 GUI [DEBUG] THEME: default
2025-07-11 15:30:28 GUI [DEBUG] THEME: default
2025-07-11 15:30:28 GUI [DEBUG] THEME: default
2025-07-11 15:30:28 GUI [DEBUG] THEME: default
2025-07-11 15:30:28 GUI [DEBUG] THEME: default
2025-07-11 15:30:28 GUI [DEBUG] THEME: default
2025-07-11 15:30:28 GUI [DEBUG] THEME: default
2025-07-11 15:30:28 GUI [DEBUG] THEME: default
2025-07-11 15:30:28 GUI [DEBUG] THEME: default
2025-07-11 15:30:28 GUI [DEBUG] THEME: default
2025-07-11 15:30:28 GUI [DEBUG] THEME: default
2025-07-11 15:30:28 GUI [DEBUG] THEME: default
2025-07-11 15:30:28 GUI [DEBUG] THEME: default
2025-07-11 15:30:28 GUI [DEBUG] THEME: default
2025-07-11 15:30:28 GUI [DEBUG] THEME: default
2025-07-11 15:30:28 GUI [DEBUG] THEME: default
2025-07-11 15:30:28 GUI [DEBUG] THEME: default
2025-07-11 15:30:28 GUI [DEBUG] THEME: default
2025-07-11 15:30:28 GUI [DEBUG] THEME: default
2025-07-11 15:30:28 GUI [DEBUG] THEME: default
2025-07-11 15:30:28 GUI [DEBUG] THEME: default
2025-07-11 15:30:28 GUI [DEBUG] THEME: default
2025-07-11 15:30:28 GUI [DEBUG] THEME: default
2025-07-11 15:30:28 GUI [DEBUG] THEME: default
2025-07-11 15:30:28 GUI [DEBUG] THEME: default
2025-07-11 15:30:28 GUI [DEBUG] THEME: default
2025-07-11 15:30:28 GUI [DEBUG] THEME: default
2025-07-11 15:30:28 GUI [DEBUG] THEME: default
2025-07-11 15:30:28 GUI [DEBUG] THEME: default
2025-07-11 15:30:28 GUI [DEBUG] THEME: default
2025-07-11 15:30:28 GUI [DEBUG] THEME: default
2025-07-11 15:30:28 GUI [DEBUG] THEME: default
2025-07-11 15:30:28 Settings [DEBUG] Locale: en
2025-07-11 15:30:28 Settings [DEBUG] Locale: en
2025-07-11 15:30:28 GameClock [DEBUG] Present number of tabs: 1
2025-07-11 15:30:28 Client [DEBUG] Client: running function: run()
2025-07-11 15:30:28 Client [DEBUG] Client: input code: #message
2025-07-11 15:30:28 Client [DEBUG] Client: input code: #message
2025-07-11 15:31:58 MovesHistory [ERROR] EmptyStackException: 
java.util.EmptyStackException
	at java.base/java.util.Stack.peek(Stack.java:103)
	at java.base/java.util.Stack.pop(Stack.java:85)
	at pl.art.lach.mateusz.javaopenchess.core.moves.MovesHistory.undo(MovesHistory.java:356)
	at pl.art.lach.mateusz.javaopenchess.core.Chessboard.undo(Chessboard.java:475)
	at pl.art.lach.mateusz.javaopenchess.core.Chessboard.undo(Chessboard.java:470)
	at pl.art.lach.mateusz.javaopenchess.core.Game.undo(Game.java:441)
	at pl.art.lach.mateusz.javaopenchess.display.panels.HistoryButtons.lambda$1(HistoryButtons.java:72)
	at java.desktop/javax.swing.AbstractButton.fireActionPerformed(AbstractButton.java:1972)
	at java.desktop/javax.swing.AbstractButton$Handler.actionPerformed(AbstractButton.java:2314)
	at java.desktop/javax.swing.DefaultButtonModel.fireActionPerformed(DefaultButtonModel.java:407)
	at java.desktop/javax.swing.DefaultButtonModel.setPressed(DefaultButtonModel.java:262)
	at java.desktop/javax.swing.plaf.basic.BasicButtonListener.mouseReleased(BasicButtonListener.java:279)
	at java.desktop/java.awt.Component.processMouseEvent(Component.java:6576)
	at java.desktop/javax.swing.JComponent.processMouseEvent(JComponent.java:3404)
	at java.desktop/java.awt.Component.processEvent(Component.java:6341)
	at java.desktop/java.awt.Container.processEvent(Container.java:2260)
	at java.desktop/java.awt.Component.dispatchEventImpl(Component.java:4958)
	at java.desktop/java.awt.Container.dispatchEventImpl(Container.java:2318)
	at java.desktop/java.awt.Component.dispatchEvent(Component.java:4790)
	at java.desktop/java.awt.LightweightDispatcher.retargetMouseEvent(Container.java:4916)
	at java.desktop/java.awt.LightweightDispatcher.processMouseEvent(Container.java:4559)
	at java.desktop/java.awt.LightweightDispatcher.dispatchEvent(Container.java:4500)
	at java.desktop/java.awt.Container.dispatchEventImpl(Container.java:2304)
	at java.desktop/java.awt.Window.dispatchEventImpl(Window.java:2671)
	at java.desktop/java.awt.Component.dispatchEvent(Component.java:4790)
	at java.desktop/java.awt.EventQueue.dispatchEventImpl(EventQueue.java:725)
	at java.desktop/java.awt.EventQueue.dispatchEvent(EventQueue.java:702)
	at java.desktop/java.awt.EventDispatchThread.pumpOneEventForFilters(EventDispatchThread.java:203)
	at java.desktop/java.awt.EventDispatchThread.pumpEventsForFilter(EventDispatchThread.java:124)
	at java.desktop/java.awt.EventDispatchThread.pumpEventsForHierarchy(EventDispatchThread.java:113)
	at java.desktop/java.awt.EventDispatchThread.pumpEvents(EventDispatchThread.java:109)
	at java.desktop/java.awt.EventDispatchThread.pumpEvents(EventDispatchThread.java:101)
	at java.desktop/java.awt.EventDispatchThread.run(EventDispatchThread.java:90)
2025-07-11 15:31:59 Settings [DEBUG] Locale: en
2025-07-11 15:32:00 Settings [DEBUG] Locale: en
2025-07-11 15:32:00 Settings [DEBUG] Locale: en
2025-07-11 15:32:15 Settings [DEBUG] Locale: en
2025-07-11 15:32:15 Settings [DEBUG] Locale: en
2025-07-11 15:32:15 Settings [DEBUG] Locale: en
2025-07-11 15:32:15 Settings [DEBUG] Locale: en
2025-07-11 15:32:15 Settings [DEBUG] Locale: en
2025-07-11 15:32:15 Settings [DEBUG] Locale: en
2025-07-11 15:32:15 Settings [DEBUG] Locale: en
2025-07-11 15:32:15 Settings [DEBUG] Locale: en
2025-07-11 15:32:15 Settings [DEBUG] Locale: en
2025-07-11 15:32:15 Settings [DEBUG] Locale: en
2025-07-11 15:32:15 Settings [DEBUG] Locale: en
2025-07-11 15:32:15 Settings [DEBUG] Locale: en
2025-07-11 15:32:15 Settings [DEBUG] Locale: en
2025-07-11 15:32:15 Settings [DEBUG] Locale: en
2025-07-11 15:32:15 Settings [DEBUG] Locale: en
2025-07-11 15:32:15 Settings [DEBUG] Locale: en
2025-07-11 15:32:15 Settings [DEBUG] Locale: en
2025-07-11 15:32:15 Settings [DEBUG] Locale: en
2025-07-11 15:32:15 Settings [DEBUG] Locale: en
2025-07-11 15:32:15 Settings [DEBUG] Locale: en
2025-07-11 15:32:15 Settings [DEBUG] Locale: en
2025-07-11 15:32:15 Settings [DEBUG] Locale: en
2025-07-11 15:32:15 Settings [DEBUG] Locale: en
2025-07-11 15:32:15 Settings [DEBUG] Locale: en
2025-07-11 15:39:07 Settings [DEBUG] Locale: en
2025-07-11 15:39:07 Settings [DEBUG] Locale: en
2025-07-11 15:39:07 Settings [DEBUG] Locale: en
2025-07-11 15:39:07 Settings [DEBUG] Locale: en
2025-07-11 15:39:07 Settings [DEBUG] Locale: en
2025-07-11 15:39:07 Settings [DEBUG] Locale: en
2025-07-11 15:39:07 Settings [DEBUG] Locale: en
2025-07-11 15:39:07 Settings [DEBUG] Locale: en
2025-07-11 15:39:07 Settings [DEBUG] Locale: en
2025-07-11 15:39:07 Settings [DEBUG] Locale: en
2025-07-11 15:39:07 Settings [DEBUG] Locale: en
2025-07-11 15:39:07 Settings [DEBUG] Locale: en
2025-07-11 15:39:07 Settings [DEBUG] Locale: en
2025-07-11 15:39:07 Settings [DEBUG] Locale: en
2025-07-11 15:39:07 Settings [DEBUG] Locale: en
2025-07-11 15:39:07 Settings [DEBUG] Locale: en
2025-07-11 15:39:07 Settings [DEBUG] Locale: en
2025-07-11 15:39:07 Settings [DEBUG] Locale: en
2025-07-11 15:39:07 Settings [DEBUG] Locale: en
2025-07-11 15:39:07 Settings [DEBUG] Locale: en
2025-07-11 15:39:07 Settings [DEBUG] Locale: en
2025-07-11 15:39:07 Settings [DEBUG] Locale: en
2025-07-11 15:39:07 Settings [DEBUG] Locale: en
2025-07-11 15:39:07 Settings [DEBUG] Locale: en
2025-07-11 15:40:07 Client [DEBUG] Client: running
2025-07-11 15:40:07 Client [DEBUG] Client: running function: join(12345, true, hwBKC)
2025-07-11 15:40:07 Client [DEBUG] Client: join to server: ip:172.16.122.1 port:4449
2025-07-11 15:40:11 Client [ERROR] ConnectException, message: Connection refused: connect object: java.net.ConnectException: Connection refused: connect
2025-07-11 15:40:11 Settings [DEBUG] Locale: en
2025-07-11 15:40:21 Client [DEBUG] Client: running
2025-07-11 15:40:21 Client [DEBUG] Client: running function: join(12345, true, hwBKC)
2025-07-11 15:40:21 Client [DEBUG] Client: join to server: ip:172.16.122.48 port:4449
2025-07-11 15:40:21 Client [DEBUG] Client: send to server: table ID
2025-07-11 15:40:21 Client [DEBUG] Client: send to server: player or observer
2025-07-11 15:40:21 Client [DEBUG] Client: send to server: player nick
2025-07-11 15:40:21 Client [DEBUG] Client: send to server: password
2025-07-11 15:40:21 Client [DEBUG] Client: connection info: EVERYTHING_IS_OK
2025-07-11 15:40:21 DrawNetworkSettings [DEBUG] Client connection: succesful
2025-07-11 15:40:21 Settings [DEBUG] Locale: en
2025-07-11 15:40:21 Settings [DEBUG] Locale: en
2025-07-11 15:40:21 Settings [DEBUG] Locale: en
2025-07-11 15:40:21 Settings [DEBUG] Locale: en
2025-07-11 15:40:21 Settings [DEBUG] Locale: en
2025-07-11 15:40:21 Settings [DEBUG] Locale: en
2025-07-11 15:40:21 Settings [DEBUG] Locale: en
2025-07-11 15:40:22 GameClock [DEBUG] Present number of tabs: 2
2025-07-11 15:40:22 Client [DEBUG] Client: running function: run()
2025-07-11 15:40:22 Client [DEBUG] Client: input code: #message
2025-07-11 15:40:22 Client [DEBUG] Client: input code: #settings
2025-07-11 15:40:22 Client [DEBUG] Client: input code: #message
2025-07-11 15:40:26 Game [DEBUG] Chessboard is blocked
2025-07-11 15:40:27 Game [DEBUG] Chessboard is blocked
2025-07-11 15:40:27 Game [DEBUG] Chessboard is blocked
2025-07-11 15:40:30 Client [DEBUG] Client: input code: #move
2025-07-11 15:40:30 Chessboard [DEBUG] active_x: 5 active_y: 7
2025-07-11 15:40:30 Game [DEBUG] next move, active player: hwBKC, color: BLACK, type: LOCAL_USER
2025-07-11 15:40:31 Chessboard2D [DEBUG] square_x: 5.0 square_y: 2.0
2025-07-11 15:40:31 Chessboard [DEBUG] active_x: 5 active_y: 2
2025-07-11 15:40:32 Chessboard2D [DEBUG] square_x: 5.0 square_y: 4.0
2025-07-11 15:40:32 Client [DEBUG] Client: running function: sendMove(4, 1, 4, 3)
2025-07-11 15:40:32 Game [DEBUG] next move, active player: 12345, color: WHITE, type: NETWORK_USER
2025-07-11 15:40:34 Client [DEBUG] Client: input code: #move
2025-07-11 15:40:34 Chessboard [DEBUG] active_x: 4 active_y: 7
2025-07-11 15:40:34 Game [DEBUG] next move, active player: hwBKC, color: BLACK, type: LOCAL_USER
2025-07-11 15:40:46 Chessboard2D [DEBUG] square_x: 5.0 square_y: 4.0
2025-07-11 15:40:46 Chessboard [DEBUG] active_x: 5 active_y: 4
2025-07-11 15:40:47 Chessboard2D [DEBUG] square_x: 4.0 square_y: 5.0
2025-07-11 15:40:47 Client [DEBUG] Client: running function: sendMove(4, 3, 3, 4)
2025-07-11 15:40:47 Game [DEBUG] next move, active player: 12345, color: WHITE, type: NETWORK_USER
2025-07-11 15:41:06 Settings [DEBUG] Locale: en
2025-07-11 15:41:06 Client [ERROR] IOException, message: A connection attempt failed because the connected party did not properly respond after a period of time, or established connection failed because connected host has failed to respond object: java.net.SocketException: A connection attempt failed because the connected party did not properly respond after a period of time, or established connection failed because connected host has failed to respond
2025-07-11 15:41:25 Game [DEBUG] Chessboard is blocked
2025-07-11 15:41:26 Game [DEBUG] Chessboard is blocked
2025-07-11 15:42:55 Settings [DEBUG] Locale: en
2025-07-11 15:42:55 Settings [DEBUG] Locale: en
2025-07-11 15:42:55 Settings [DEBUG] Locale: en
2025-07-11 15:42:55 Settings [DEBUG] Locale: en
2025-07-11 15:42:55 Settings [DEBUG] Locale: en
2025-07-11 15:42:55 Settings [DEBUG] Locale: en
2025-07-11 15:42:55 Settings [DEBUG] Locale: en
2025-07-11 15:42:55 Settings [DEBUG] Locale: en
2025-07-11 15:42:55 Settings [DEBUG] Locale: en
2025-07-11 15:42:55 Settings [DEBUG] Locale: en
2025-07-11 15:42:55 Settings [DEBUG] Locale: en
2025-07-11 15:42:55 Settings [DEBUG] Locale: en
2025-07-11 15:42:55 Settings [DEBUG] Locale: en
2025-07-11 15:42:55 Settings [DEBUG] Locale: en
2025-07-11 15:42:55 Settings [DEBUG] Locale: en
2025-07-11 15:42:55 Settings [DEBUG] Locale: en
2025-07-11 15:42:55 Settings [DEBUG] Locale: en
2025-07-11 15:42:55 Settings [DEBUG] Locale: en
2025-07-11 15:42:55 Settings [DEBUG] Locale: en
2025-07-11 15:42:55 Settings [DEBUG] Locale: en
2025-07-11 15:42:55 Settings [DEBUG] Locale: en
2025-07-11 15:42:55 Settings [DEBUG] Locale: en
2025-07-11 15:42:55 Settings [DEBUG] Locale: en
2025-07-11 15:42:55 Settings [DEBUG] Locale: en
2025-07-11 15:43:30 Client [DEBUG] Client: running
2025-07-11 15:43:30 Client [DEBUG] Client: running function: join(12345, true, Hisql)
2025-07-11 15:43:30 Client [DEBUG] Client: join to server: ip:172.16.122.48 port:4449
2025-07-11 15:43:30 Client [ERROR] UIOException, message: No route to host: connect object: java.net.NoRouteToHostException: No route to host: connect
2025-07-11 15:43:30 Settings [DEBUG] Locale: en
2025-07-11 15:43:49 Client [DEBUG] Client: running
2025-07-11 15:43:49 Client [DEBUG] Client: running function: join(12345, true, Hisql)
2025-07-11 15:43:49 Client [DEBUG] Client: join to server: ip:172.16.122.48 port:4449
2025-07-11 15:43:49 Client [DEBUG] Client: send to server: table ID
2025-07-11 15:43:49 Client [DEBUG] Client: send to server: player or observer
2025-07-11 15:43:49 Client [DEBUG] Client: send to server: player nick
2025-07-11 15:43:49 Client [DEBUG] Client: send to server: password
2025-07-11 15:43:49 Client [DEBUG] Client: connection info: EVERYTHING_IS_OK
2025-07-11 15:43:49 DrawNetworkSettings [DEBUG] Client connection: succesful
2025-07-11 15:43:49 Settings [DEBUG] Locale: en
2025-07-11 15:43:49 Settings [DEBUG] Locale: en
2025-07-11 15:43:49 Settings [DEBUG] Locale: en
2025-07-11 15:43:49 Settings [DEBUG] Locale: en
2025-07-11 15:43:49 Settings [DEBUG] Locale: en
2025-07-11 15:43:49 Settings [DEBUG] Locale: en
2025-07-11 15:43:49 Settings [DEBUG] Locale: en
2025-07-11 15:43:49 GameClock [DEBUG] Present number of tabs: 3
2025-07-11 15:43:49 Client [DEBUG] Client: running function: run()
2025-07-11 15:43:49 Client [DEBUG] Client: input code: #message
2025-07-11 15:43:49 Client [DEBUG] Client: input code: #settings
2025-07-11 15:43:49 Client [DEBUG] Client: input code: #message
2025-07-11 15:43:58 Client [DEBUG] Client: running function: sendMessage(hi)
2025-07-11 15:43:59 Client [DEBUG] Client: input code: #message
2025-07-11 15:44:04 Client [DEBUG] Client: running function: sendMessage(ishca)
2025-07-11 15:44:04 Client [DEBUG] Client: input code: #message
2025-07-11 15:44:11 Client [DEBUG] Client: input code: #message
2025-07-11 15:44:14 Client [DEBUG] Client: input code: #undoAsk
2025-07-11 15:44:14 Settings [DEBUG] Locale: en
2025-07-11 15:44:14 Settings [DEBUG] Locale: en
2025-07-11 15:44:24 Client [DEBUG] Client: input code: #undoAsk
2025-07-11 15:44:24 Settings [DEBUG] Locale: en
2025-07-11 15:44:24 Settings [DEBUG] Locale: en
2025-07-11 15:44:26 MovesHistory [ERROR] EmptyStackException: 
java.util.EmptyStackException
	at java.base/java.util.Stack.peek(Stack.java:103)
	at java.base/java.util.Stack.pop(Stack.java:85)
	at pl.art.lach.mateusz.javaopenchess.core.moves.MovesHistory.undo(MovesHistory.java:356)
	at pl.art.lach.mateusz.javaopenchess.core.Chessboard.undo(Chessboard.java:475)
	at pl.art.lach.mateusz.javaopenchess.core.Chessboard.undo(Chessboard.java:470)
	at pl.art.lach.mateusz.javaopenchess.network.Client.handleUndoAsk(Client.java:211)
	at pl.art.lach.mateusz.javaopenchess.network.Client.run(Client.java:170)
	at java.base/java.lang.Thread.run(Thread.java:1447)
2025-07-11 15:44:26 Client [DEBUG] Client: input code: #undoAsk
2025-07-11 15:44:26 Settings [DEBUG] Locale: en
2025-07-11 15:44:26 Settings [DEBUG] Locale: en
2025-07-11 15:44:31 MovesHistory [ERROR] EmptyStackException: 
java.util.EmptyStackException
	at java.base/java.util.Stack.peek(Stack.java:103)
	at java.base/java.util.Stack.pop(Stack.java:85)
	at pl.art.lach.mateusz.javaopenchess.core.moves.MovesHistory.undo(MovesHistory.java:356)
	at pl.art.lach.mateusz.javaopenchess.core.Chessboard.undo(Chessboard.java:475)
	at pl.art.lach.mateusz.javaopenchess.core.Chessboard.undo(Chessboard.java:470)
	at pl.art.lach.mateusz.javaopenchess.network.Client.handleUndoAsk(Client.java:211)
	at pl.art.lach.mateusz.javaopenchess.network.Client.run(Client.java:170)
	at java.base/java.lang.Thread.run(Thread.java:1447)
2025-07-11 15:44:31 Client [DEBUG] Client: input code: #undoAsk
2025-07-11 15:44:31 Settings [DEBUG] Locale: en
2025-07-11 15:44:31 Settings [DEBUG] Locale: en
2025-07-11 15:44:32 Client [DEBUG] Client: input code: #undoAsk
2025-07-11 15:44:32 Settings [DEBUG] Locale: en
2025-07-11 15:44:32 Settings [DEBUG] Locale: en
2025-07-11 15:44:36 Client [DEBUG] Client: input code: #undoAsk
2025-07-11 15:44:36 Settings [DEBUG] Locale: en
2025-07-11 15:44:36 Settings [DEBUG] Locale: en
2025-07-11 15:44:36 Client [DEBUG] Client: input code: #undoAsk
2025-07-11 15:44:36 Settings [DEBUG] Locale: en
2025-07-11 15:44:36 Settings [DEBUG] Locale: en
2025-07-11 15:44:36 Client [DEBUG] Client: input code: #undoAsk
2025-07-11 15:44:36 Settings [DEBUG] Locale: en
2025-07-11 15:44:36 Settings [DEBUG] Locale: en
2025-07-11 15:44:36 Client [DEBUG] Client: input code: #undoAsk
2025-07-11 15:44:36 Settings [DEBUG] Locale: en
2025-07-11 15:44:36 Settings [DEBUG] Locale: en
2025-07-11 15:44:37 Client [DEBUG] Client: input code: #undoAsk
2025-07-11 15:44:37 Settings [DEBUG] Locale: en
2025-07-11 15:44:37 Settings [DEBUG] Locale: en
2025-07-11 15:44:37 Client [DEBUG] Client: input code: #undoAsk
2025-07-11 15:44:37 Settings [DEBUG] Locale: en
2025-07-11 15:44:37 Settings [DEBUG] Locale: en
2025-07-11 15:44:37 Client [DEBUG] Client: input code: #undoAsk
2025-07-11 15:44:37 Settings [DEBUG] Locale: en
2025-07-11 15:44:37 Settings [DEBUG] Locale: en
2025-07-11 15:44:37 Client [DEBUG] Client: input code: #undoAsk
2025-07-11 15:44:37 Settings [DEBUG] Locale: en
2025-07-11 15:44:37 Settings [DEBUG] Locale: en
2025-07-11 15:44:37 Client [DEBUG] Client: input code: #undoAsk
2025-07-11 15:44:37 Settings [DEBUG] Locale: en
2025-07-11 15:44:37 Settings [DEBUG] Locale: en
2025-07-11 15:44:37 Client [DEBUG] Client: input code: #undoAsk
2025-07-11 15:44:37 Settings [DEBUG] Locale: en
2025-07-11 15:44:37 Settings [DEBUG] Locale: en
2025-07-11 15:44:37 Client [DEBUG] Client: input code: #undoAsk
2025-07-11 15:44:37 Settings [DEBUG] Locale: en
2025-07-11 15:44:37 Settings [DEBUG] Locale: en
2025-07-11 15:44:37 Client [DEBUG] Client: input code: #undoAsk
2025-07-11 15:44:37 Settings [DEBUG] Locale: en
2025-07-11 15:44:37 Settings [DEBUG] Locale: en
2025-07-11 15:44:38 Client [DEBUG] Client: input code: #undoAsk
2025-07-11 15:44:38 Settings [DEBUG] Locale: en
2025-07-11 15:44:38 Settings [DEBUG] Locale: en
2025-07-11 15:44:38 Client [DEBUG] Client: input code: #undoAsk
2025-07-11 15:44:38 Settings [DEBUG] Locale: en
2025-07-11 15:44:38 Settings [DEBUG] Locale: en
2025-07-11 15:44:38 Client [DEBUG] Client: input code: #undoAsk
2025-07-11 15:44:38 Settings [DEBUG] Locale: en
2025-07-11 15:44:38 Settings [DEBUG] Locale: en
2025-07-11 15:44:39 Client [DEBUG] Client: input code: #undoAsk
2025-07-11 15:44:39 Settings [DEBUG] Locale: en
2025-07-11 15:44:39 Settings [DEBUG] Locale: en
2025-07-11 15:44:40 Client [DEBUG] Client: input code: #undoAsk
2025-07-11 15:44:40 Settings [DEBUG] Locale: en
2025-07-11 15:44:40 Settings [DEBUG] Locale: en
2025-07-11 15:44:41 Client [DEBUG] Client: input code: #undoAsk
2025-07-11 15:44:41 Settings [DEBUG] Locale: en
2025-07-11 15:44:41 Settings [DEBUG] Locale: en
2025-07-11 15:44:42 Client [DEBUG] Client: input code: #undoAsk
2025-07-11 15:44:42 Settings [DEBUG] Locale: en
2025-07-11 15:44:42 Settings [DEBUG] Locale: en
2025-07-11 15:44:42 Client [DEBUG] Client: input code: #undoAsk
2025-07-11 15:44:42 Settings [DEBUG] Locale: en
2025-07-11 15:44:42 Settings [DEBUG] Locale: en
2025-07-11 15:44:46 MovesHistory [ERROR] EmptyStackException: 
java.util.EmptyStackException
	at java.base/java.util.Stack.peek(Stack.java:103)
	at java.base/java.util.Stack.pop(Stack.java:85)
	at pl.art.lach.mateusz.javaopenchess.core.moves.MovesHistory.undo(MovesHistory.java:356)
	at pl.art.lach.mateusz.javaopenchess.core.Chessboard.undo(Chessboard.java:475)
	at pl.art.lach.mateusz.javaopenchess.core.Chessboard.undo(Chessboard.java:470)
	at pl.art.lach.mateusz.javaopenchess.network.Client.handleUndoAsk(Client.java:211)
	at pl.art.lach.mateusz.javaopenchess.network.Client.run(Client.java:170)
	at java.base/java.lang.Thread.run(Thread.java:1447)
2025-07-11 15:44:46 Client [DEBUG] Client: input code: #undoAsk
2025-07-11 15:44:46 Settings [DEBUG] Locale: en
2025-07-11 15:44:46 Settings [DEBUG] Locale: en
2025-07-11 15:49:32 Client [ERROR] IOException, message: Connection reset by peer object: java.net.SocketException: Connection reset by peer
2025-07-11 15:49:32 Settings [DEBUG] Locale: en
2025-07-11 15:49:32 Client [ERROR] IOException, message: Connection reset object: java.net.SocketException: Connection reset
2025-07-11 15:49:45 GUI [DEBUG] THEME: default
2025-07-11 15:49:57 Settings [DEBUG] Locale: en
2025-07-11 15:49:57 Settings [DEBUG] Locale: en
2025-07-11 15:49:57 Settings [DEBUG] Locale: en
2025-07-11 15:49:57 Settings [DEBUG] Locale: en
2025-07-11 15:49:57 Settings [DEBUG] Locale: en
2025-07-11 15:49:57 Settings [DEBUG] Locale: en
2025-07-11 15:49:57 Settings [DEBUG] Locale: en
2025-07-11 15:49:57 Settings [DEBUG] Locale: en
2025-07-11 15:49:57 Settings [DEBUG] Locale: en
2025-07-11 15:49:57 Settings [DEBUG] Locale: en
2025-07-11 15:49:57 Settings [DEBUG] Locale: en
2025-07-11 15:49:57 Settings [DEBUG] Locale: en
2025-07-11 15:49:57 Settings [DEBUG] Locale: en
2025-07-11 15:49:57 Settings [DEBUG] Locale: en
2025-07-11 15:49:57 Settings [DEBUG] Locale: en
2025-07-11 15:49:57 Settings [DEBUG] Locale: en
2025-07-11 15:49:57 Settings [DEBUG] Locale: en
2025-07-11 15:49:57 Settings [DEBUG] Locale: en
2025-07-11 15:49:57 Settings [DEBUG] Locale: en
2025-07-11 15:49:57 Settings [DEBUG] Locale: en
2025-07-11 15:49:57 Settings [DEBUG] Locale: en
2025-07-11 15:49:57 Settings [DEBUG] Locale: en
2025-07-11 15:49:57 Settings [DEBUG] Locale: en
2025-07-11 15:49:57 Settings [DEBUG] Locale: en
2025-07-11 15:50:55 Client [DEBUG] Client: running
2025-07-11 15:50:55 Client [DEBUG] Client: running function: join(12345, true, yufyfu)
2025-07-11 15:50:55 Client [DEBUG] Client: join to server: ip:172.16.122.48 port:4449
2025-07-11 15:51:16 Client [ERROR] ConnectException, message: Connection timed out: connect object: java.net.ConnectException: Connection timed out: connect
2025-07-11 15:51:16 Settings [DEBUG] Locale: en
2025-07-11 15:51:30 Client [DEBUG] Client: running
2025-07-11 15:51:30 Client [DEBUG] Client: running function: join(12345, true, yufyfu)
2025-07-11 15:51:30 Client [DEBUG] Client: join to server: ip:172.16.122.1 port:4449
2025-07-11 15:51:51 Client [ERROR] ConnectException, message: Connection timed out: connect object: java.net.ConnectException: Connection timed out: connect
2025-07-11 15:51:51 Settings [DEBUG] Locale: en
2025-07-11 15:52:08 Client [DEBUG] Client: running
2025-07-11 15:52:08 Client [DEBUG] Client: running function: join(12345, true, yufyfu)
2025-07-11 15:52:08 Client [DEBUG] Client: join to server: ip:192.168.81.128 port:4449
2025-07-11 15:52:08 Client [DEBUG] Client: send to server: table ID
2025-07-11 15:52:08 Client [DEBUG] Client: send to server: player or observer
2025-07-11 15:52:08 Client [DEBUG] Client: send to server: player nick
2025-07-11 15:52:08 Client [DEBUG] Client: send to server: password
2025-07-11 15:52:08 Client [DEBUG] Client: connection info: EVERYTHING_IS_OK
2025-07-11 15:52:08 DrawNetworkSettings [DEBUG] Client connection: succesful
2025-07-11 15:52:08 Settings [DEBUG] Locale: en
2025-07-11 15:52:08 Settings [DEBUG] Locale: en
2025-07-11 15:52:08 Settings [DEBUG] Locale: en
2025-07-11 15:52:08 Settings [DEBUG] Locale: en
2025-07-11 15:52:08 Settings [DEBUG] Locale: en
2025-07-11 15:52:08 GUI [DEBUG] THEME: default
2025-07-11 15:52:08 GUI [DEBUG] THEME: default
2025-07-11 15:52:08 GUI [DEBUG] THEME: default
2025-07-11 15:52:09 GUI [DEBUG] THEME: default
2025-07-11 15:52:09 GUI [DEBUG] THEME: default
2025-07-11 15:52:09 GUI [DEBUG] THEME: default
2025-07-11 15:52:09 GUI [DEBUG] THEME: default
2025-07-11 15:52:09 GUI [DEBUG] THEME: default
2025-07-11 15:52:09 GUI [DEBUG] THEME: default
2025-07-11 15:52:09 GUI [DEBUG] THEME: default
2025-07-11 15:52:09 GUI [DEBUG] THEME: default
2025-07-11 15:52:09 GUI [DEBUG] THEME: default
2025-07-11 15:52:09 GUI [DEBUG] THEME: default
2025-07-11 15:52:09 GUI [DEBUG] THEME: default
2025-07-11 15:52:09 GUI [DEBUG] THEME: default
2025-07-11 15:52:09 GUI [DEBUG] THEME: default
2025-07-11 15:52:09 GUI [DEBUG] THEME: default
2025-07-11 15:52:09 GUI [DEBUG] THEME: default
2025-07-11 15:52:09 GUI [DEBUG] THEME: default
2025-07-11 15:52:09 GUI [DEBUG] THEME: default
2025-07-11 15:52:09 GUI [DEBUG] THEME: default
2025-07-11 15:52:09 GUI [DEBUG] THEME: default
2025-07-11 15:52:09 GUI [DEBUG] THEME: default
2025-07-11 15:52:09 GUI [DEBUG] THEME: default
2025-07-11 15:52:09 GUI [DEBUG] THEME: default
2025-07-11 15:52:09 GUI [DEBUG] THEME: default
2025-07-11 15:52:09 GUI [DEBUG] THEME: default
2025-07-11 15:52:09 GUI [DEBUG] THEME: default
2025-07-11 15:52:09 GUI [DEBUG] THEME: default
2025-07-11 15:52:09 GUI [DEBUG] THEME: default
2025-07-11 15:52:09 GUI [DEBUG] THEME: default
2025-07-11 15:52:09 GUI [DEBUG] THEME: default
2025-07-11 15:52:09 GUI [DEBUG] THEME: default
2025-07-11 15:52:09 GUI [DEBUG] THEME: default
2025-07-11 15:52:09 GUI [DEBUG] THEME: default
2025-07-11 15:52:09 GUI [DEBUG] THEME: default
2025-07-11 15:52:09 GUI [DEBUG] THEME: default
2025-07-11 15:52:09 GUI [DEBUG] THEME: default
2025-07-11 15:52:09 GUI [DEBUG] THEME: default
2025-07-11 15:52:09 GUI [DEBUG] THEME: default
2025-07-11 15:52:09 GUI [DEBUG] THEME: default
2025-07-11 15:52:09 GUI [DEBUG] THEME: default
2025-07-11 15:52:09 GUI [DEBUG] THEME: default
2025-07-11 15:52:09 GUI [DEBUG] THEME: default
2025-07-11 15:52:09 GUI [DEBUG] THEME: default
2025-07-11 15:52:09 GUI [DEBUG] THEME: default
2025-07-11 15:52:09 GUI [DEBUG] THEME: default
2025-07-11 15:52:09 GUI [DEBUG] THEME: default
2025-07-11 15:52:09 GUI [DEBUG] THEME: default
2025-07-11 15:52:09 GUI [DEBUG] THEME: default
2025-07-11 15:52:09 GUI [DEBUG] THEME: default
2025-07-11 15:52:09 Settings [DEBUG] Locale: en
2025-07-11 15:52:09 Settings [DEBUG] Locale: en
2025-07-11 15:52:09 GameClock [DEBUG] Present number of tabs: 1
2025-07-11 15:52:09 Client [DEBUG] Client: running function: run()
2025-07-11 15:52:09 Client [DEBUG] Client: input code: #message
2025-07-11 15:52:09 Client [DEBUG] Client: input code: #settings
2025-07-11 15:52:09 Client [DEBUG] Client: input code: #message
2025-07-11 15:52:13 Game [DEBUG] Chessboard is blocked
2025-07-11 15:52:16 Client [DEBUG] Client: input code: #move
2025-07-11 15:52:16 Chessboard [DEBUG] active_x: 4 active_y: 7
2025-07-11 15:52:16 Game [DEBUG] next move, active player: yufyfu, color: BLACK, type: LOCAL_USER
2025-07-11 15:52:17 Chessboard2D [DEBUG] square_x: 5.0 square_y: 2.0
2025-07-11 15:52:17 Chessboard [DEBUG] active_x: 5 active_y: 2
2025-07-11 15:52:18 Chessboard2D [DEBUG] square_x: 5.0 square_y: 4.0
2025-07-11 15:52:18 Client [DEBUG] Client: running function: sendMove(4, 1, 4, 3)
2025-07-11 15:52:18 Game [DEBUG] next move, active player: 12345, color: WHITE, type: NETWORK_USER
2025-07-11 15:52:25 Client [DEBUG] Client: input code: #move
2025-07-11 15:52:25 Chessboard [DEBUG] active_x: 4 active_y: 5
2025-07-11 15:52:25 Game [DEBUG] next move, active player: yufyfu, color: BLACK, type: LOCAL_USER
2025-07-11 15:52:29 Client [DEBUG] Client: running function: sendMessage(iugwquif)
2025-07-11 15:52:29 Client [DEBUG] Client: input code: #message
2025-07-11 15:52:52 Client [DEBUG] Client: input code: #message
2025-07-11 15:53:06 Client [DEBUG] Client: input code: #message
2025-07-11 15:53:10 Client [DEBUG] Client: running function: sendMessage(malayrundi hai)
2025-07-11 15:53:10 Client [DEBUG] Client: input code: #message
2025-07-11 15:53:15 Client [DEBUG] Client: input code: #message
2025-07-11 15:53:22 Client [DEBUG] Client: running function: sendMessage(tu bhsdka)
2025-07-11 15:53:22 Client [DEBUG] Client: input code: #message
2025-07-11 15:53:24 Chessboard2D [DEBUG] square_x: 3.0 square_y: 7.0
2025-07-11 15:53:42 Settings [DEBUG] Locale: en
2025-07-11 15:53:42 Client [ERROR] IOException, message: null object: java.io.EOFException
2025-07-11 16:23:46 GUI [DEBUG] THEME: default
2025-07-11 16:23:57 Settings [DEBUG] Locale: en
2025-07-11 16:23:57 Settings [DEBUG] Locale: en
2025-07-11 16:23:57 Settings [DEBUG] Locale: en
2025-07-11 16:23:57 Settings [DEBUG] Locale: en
2025-07-11 16:23:57 Settings [DEBUG] Locale: en
2025-07-11 16:23:57 Settings [DEBUG] Locale: en
2025-07-11 16:23:57 Settings [DEBUG] Locale: en
2025-07-11 16:23:57 Settings [DEBUG] Locale: en
2025-07-11 16:23:57 Settings [DEBUG] Locale: en
2025-07-11 16:23:57 Settings [DEBUG] Locale: en
2025-07-11 16:23:57 Settings [DEBUG] Locale: en
2025-07-11 16:23:57 Settings [DEBUG] Locale: en
2025-07-11 16:23:57 Settings [DEBUG] Locale: en
2025-07-11 16:23:57 Settings [DEBUG] Locale: en
2025-07-11 16:23:57 Settings [DEBUG] Locale: en
2025-07-11 16:23:57 Settings [DEBUG] Locale: en
2025-07-11 16:23:57 Settings [DEBUG] Locale: en
2025-07-11 16:23:57 Settings [DEBUG] Locale: en
2025-07-11 16:23:57 Settings [DEBUG] Locale: en
2025-07-11 16:23:57 Settings [DEBUG] Locale: en
2025-07-11 16:23:57 Settings [DEBUG] Locale: en
2025-07-11 16:23:57 Settings [DEBUG] Locale: en
2025-07-11 16:23:57 Settings [DEBUG] Locale: en
2025-07-11 16:23:57 Settings [DEBUG] Locale: en
2025-07-11 16:24:27 Client [DEBUG] Client: running
2025-07-11 16:24:27 Client [DEBUG] Client: running function: join(12345, true, jufy)
2025-07-11 16:24:27 Client [DEBUG] Client: join to server: ip:192.168.81.128 port:4449
2025-07-11 16:24:27 Client [DEBUG] Client: send to server: table ID
2025-07-11 16:24:27 Client [DEBUG] Client: send to server: player or observer
2025-07-11 16:24:27 Client [DEBUG] Client: send to server: player nick
2025-07-11 16:24:27 Client [DEBUG] Client: send to server: password
2025-07-11 16:24:27 Client [DEBUG] Client: connection info: EVERYTHING_IS_OK
2025-07-11 16:24:27 DrawNetworkSettings [DEBUG] Client connection: succesful
2025-07-11 16:24:27 Settings [DEBUG] Locale: en
2025-07-11 16:24:27 Settings [DEBUG] Locale: en
2025-07-11 16:24:27 Settings [DEBUG] Locale: en
2025-07-11 16:24:27 Settings [DEBUG] Locale: en
2025-07-11 16:24:27 Settings [DEBUG] Locale: en
2025-07-11 16:24:27 GUI [DEBUG] THEME: default
2025-07-11 16:24:27 GUI [DEBUG] THEME: default
2025-07-11 16:24:27 GUI [DEBUG] THEME: default
2025-07-11 16:24:27 GUI [DEBUG] THEME: default
2025-07-11 16:24:27 GUI [DEBUG] THEME: default
2025-07-11 16:24:27 GUI [DEBUG] THEME: default
2025-07-11 16:24:27 GUI [DEBUG] THEME: default
2025-07-11 16:24:27 GUI [DEBUG] THEME: default
2025-07-11 16:24:27 GUI [DEBUG] THEME: default
2025-07-11 16:24:27 GUI [DEBUG] THEME: default
2025-07-11 16:24:27 GUI [DEBUG] THEME: default
2025-07-11 16:24:27 GUI [DEBUG] THEME: default
2025-07-11 16:24:27 GUI [DEBUG] THEME: default
2025-07-11 16:24:27 GUI [DEBUG] THEME: default
2025-07-11 16:24:27 GUI [DEBUG] THEME: default
2025-07-11 16:24:27 GUI [DEBUG] THEME: default
2025-07-11 16:24:27 GUI [DEBUG] THEME: default
2025-07-11 16:24:27 GUI [DEBUG] THEME: default
2025-07-11 16:24:27 GUI [DEBUG] THEME: default
2025-07-11 16:24:27 GUI [DEBUG] THEME: default
2025-07-11 16:24:27 GUI [DEBUG] THEME: default
2025-07-11 16:24:27 GUI [DEBUG] THEME: default
2025-07-11 16:24:27 GUI [DEBUG] THEME: default
2025-07-11 16:24:27 GUI [DEBUG] THEME: default
2025-07-11 16:24:27 GUI [DEBUG] THEME: default
2025-07-11 16:24:27 GUI [DEBUG] THEME: default
2025-07-11 16:24:27 GUI [DEBUG] THEME: default
2025-07-11 16:24:27 GUI [DEBUG] THEME: default
2025-07-11 16:24:27 GUI [DEBUG] THEME: default
2025-07-11 16:24:27 GUI [DEBUG] THEME: default
2025-07-11 16:24:27 GUI [DEBUG] THEME: default
2025-07-11 16:24:27 GUI [DEBUG] THEME: default
2025-07-11 16:24:27 GUI [DEBUG] THEME: default
2025-07-11 16:24:27 GUI [DEBUG] THEME: default
2025-07-11 16:24:27 GUI [DEBUG] THEME: default
2025-07-11 16:24:27 GUI [DEBUG] THEME: default
2025-07-11 16:24:27 GUI [DEBUG] THEME: default
2025-07-11 16:24:27 GUI [DEBUG] THEME: default
2025-07-11 16:24:27 GUI [DEBUG] THEME: default
2025-07-11 16:24:27 GUI [DEBUG] THEME: default
2025-07-11 16:24:27 GUI [DEBUG] THEME: default
2025-07-11 16:24:27 GUI [DEBUG] THEME: default
2025-07-11 16:24:27 GUI [DEBUG] THEME: default
2025-07-11 16:24:27 GUI [DEBUG] THEME: default
2025-07-11 16:24:27 GUI [DEBUG] THEME: default
2025-07-11 16:24:27 GUI [DEBUG] THEME: default
2025-07-11 16:24:27 GUI [DEBUG] THEME: default
2025-07-11 16:24:27 GUI [DEBUG] THEME: default
2025-07-11 16:24:27 GUI [DEBUG] THEME: default
2025-07-11 16:24:27 GUI [DEBUG] THEME: default
2025-07-11 16:24:27 GUI [DEBUG] THEME: default
2025-07-11 16:24:27 Settings [DEBUG] Locale: en
2025-07-11 16:24:27 Settings [DEBUG] Locale: en
2025-07-11 16:24:27 GameClock [DEBUG] Present number of tabs: 1
2025-07-11 16:24:27 Client [DEBUG] Client: running function: run()
2025-07-11 16:24:27 Client [DEBUG] Client: input code: #message
2025-07-11 16:24:27 Client [DEBUG] Client: input code: #settings
2025-07-11 16:24:27 Client [DEBUG] Client: input code: #message
2025-07-11 16:24:36 Game [DEBUG] Chessboard is blocked
2025-07-11 16:24:36 Client [DEBUG] Client: input code: #move
2025-07-11 16:24:36 Chessboard [DEBUG] active_x: 4 active_y: 7
2025-07-11 16:24:36 Game [DEBUG] next move, active player: jufy, color: BLACK, type: LOCAL_USER
2025-07-11 16:24:37 Chessboard2D [DEBUG] square_x: 5.0 square_y: 2.0
2025-07-11 16:24:37 Chessboard [DEBUG] active_x: 5 active_y: 2
2025-07-11 16:24:38 Chessboard2D [DEBUG] square_x: 5.0 square_y: 4.0
2025-07-11 16:24:38 Client [DEBUG] Client: running function: sendMove(4, 1, 4, 3)
2025-07-11 16:24:38 Game [DEBUG] next move, active player: 12345, color: WHITE, type: NETWORK_USER
2025-07-11 16:24:41 Client [DEBUG] Client: input code: #move
2025-07-11 16:24:41 Chessboard [DEBUG] active_x: 4 active_y: 5
2025-07-11 16:24:41 Game [DEBUG] next move, active player: jufy, color: BLACK, type: LOCAL_USER
2025-07-11 16:24:57 Chessboard2D [DEBUG] square_x: 6.0 square_y: 2.0
2025-07-11 16:24:57 Chessboard [DEBUG] active_x: 6 active_y: 2
2025-07-11 16:24:58 Chessboard2D [DEBUG] square_x: 6.0 square_y: 3.0
2025-07-11 16:24:58 Client [DEBUG] Client: running function: sendMove(5, 1, 5, 2)
2025-07-11 16:24:58 Game [DEBUG] next move, active player: 12345, color: WHITE, type: NETWORK_USER
2025-07-11 16:25:03 Client [DEBUG] Client: input code: #move
2025-07-11 16:25:03 Chessboard [DEBUG] active_x: 4 active_y: 8
2025-07-11 16:25:03 Game [DEBUG] next move, active player: jufy, color: BLACK, type: LOCAL_USER
2025-07-11 16:25:14 Client [DEBUG] Client: running function: sendMessage(sahil)
2025-07-11 16:25:14 Client [DEBUG] Client: input code: #message
2025-07-11 16:25:14 Client [DEBUG] Client: input code: #message
2025-07-11 16:25:18 Client [DEBUG] Client: input code: #message
2025-07-11 16:25:22 Client [DEBUG] Client: input code: #message
2025-07-11 16:38:08 GUI [DEBUG] THEME: default
2025-07-11 16:39:29 GUI [DEBUG] THEME: default
2025-07-11 16:43:31 Settings [DEBUG] Locale: en
2025-07-11 16:43:31 Settings [DEBUG] Locale: en
2025-07-11 16:43:31 Settings [DEBUG] Locale: en
2025-07-11 16:43:31 Settings [DEBUG] Locale: en
2025-07-11 16:43:31 Settings [DEBUG] Locale: en
2025-07-11 16:43:31 Settings [DEBUG] Locale: en
2025-07-11 16:43:31 Settings [DEBUG] Locale: en
2025-07-11 16:43:31 Settings [DEBUG] Locale: en
2025-07-11 16:43:31 Settings [DEBUG] Locale: en
2025-07-11 16:43:31 Settings [DEBUG] Locale: en
2025-07-11 16:43:31 Settings [DEBUG] Locale: en
2025-07-11 16:43:31 Settings [DEBUG] Locale: en
2025-07-11 16:43:31 Settings [DEBUG] Locale: en
2025-07-11 16:43:31 Settings [DEBUG] Locale: en
2025-07-11 16:43:31 Settings [DEBUG] Locale: en
2025-07-11 16:43:31 Settings [DEBUG] Locale: en
2025-07-11 16:43:31 Settings [DEBUG] Locale: en
2025-07-11 16:43:31 Settings [DEBUG] Locale: en
2025-07-11 16:43:31 Settings [DEBUG] Locale: en
2025-07-11 16:43:31 Settings [DEBUG] Locale: en
2025-07-11 16:43:31 Settings [DEBUG] Locale: en
2025-07-11 16:43:31 Settings [DEBUG] Locale: en
2025-07-11 16:43:31 Settings [DEBUG] Locale: en
2025-07-11 16:43:31 Settings [DEBUG] Locale: en
2025-07-11 16:45:15 Client [DEBUG] Client: running
2025-07-11 16:45:15 Client [DEBUG] Client: running function: join(12345, true, jshfd)
2025-07-11 16:45:15 Client [DEBUG] Client: join to server: ip:192.168.81.128 port:4449
2025-07-11 16:45:17 Client [DEBUG] Client: send to server: table ID
2025-07-11 16:45:17 Client [DEBUG] Client: send to server: player or observer
2025-07-11 16:45:17 Client [DEBUG] Client: send to server: player nick
2025-07-11 16:45:17 Client [DEBUG] Client: send to server: password
2025-07-11 16:45:17 Client [DEBUG] Client: connection info: EVERYTHING_IS_OK
2025-07-11 16:45:17 DrawNetworkSettings [DEBUG] Client connection: succesful
2025-07-11 16:45:17 Settings [DEBUG] Locale: en
2025-07-11 16:45:17 Settings [DEBUG] Locale: en
2025-07-11 16:45:17 Settings [DEBUG] Locale: en
2025-07-11 16:45:17 Settings [DEBUG] Locale: en
2025-07-11 16:45:17 Settings [DEBUG] Locale: en
2025-07-11 16:45:17 GUI [DEBUG] THEME: default
2025-07-11 16:45:17 GUI [DEBUG] THEME: default
2025-07-11 16:45:17 GUI [DEBUG] THEME: default
2025-07-11 16:45:17 GUI [DEBUG] THEME: default
2025-07-11 16:45:17 GUI [DEBUG] THEME: default
2025-07-11 16:45:17 GUI [DEBUG] THEME: default
2025-07-11 16:45:17 GUI [DEBUG] THEME: default
2025-07-11 16:45:17 GUI [DEBUG] THEME: default
2025-07-11 16:45:17 GUI [DEBUG] THEME: default
2025-07-11 16:45:17 GUI [DEBUG] THEME: default
2025-07-11 16:45:17 GUI [DEBUG] THEME: default
2025-07-11 16:45:17 GUI [DEBUG] THEME: default
2025-07-11 16:45:17 GUI [DEBUG] THEME: default
2025-07-11 16:45:17 GUI [DEBUG] THEME: default
2025-07-11 16:45:17 GUI [DEBUG] THEME: default
2025-07-11 16:45:17 GUI [DEBUG] THEME: default
2025-07-11 16:45:17 GUI [DEBUG] THEME: default
2025-07-11 16:45:18 GUI [DEBUG] THEME: default
2025-07-11 16:45:18 GUI [DEBUG] THEME: default
2025-07-11 16:45:18 GUI [DEBUG] THEME: default
2025-07-11 16:45:18 GUI [DEBUG] THEME: default
2025-07-11 16:45:18 GUI [DEBUG] THEME: default
2025-07-11 16:45:18 GUI [DEBUG] THEME: default
2025-07-11 16:45:18 GUI [DEBUG] THEME: default
2025-07-11 16:45:18 GUI [DEBUG] THEME: default
2025-07-11 16:45:18 GUI [DEBUG] THEME: default
2025-07-11 16:45:18 GUI [DEBUG] THEME: default
2025-07-11 16:45:18 GUI [DEBUG] THEME: default
2025-07-11 16:45:18 GUI [DEBUG] THEME: default
2025-07-11 16:45:18 GUI [DEBUG] THEME: default
2025-07-11 16:45:18 GUI [DEBUG] THEME: default
2025-07-11 16:45:18 GUI [DEBUG] THEME: default
2025-07-11 16:45:18 GUI [DEBUG] THEME: default
2025-07-11 16:45:18 GUI [DEBUG] THEME: default
2025-07-11 16:45:18 GUI [DEBUG] THEME: default
2025-07-11 16:45:18 GUI [DEBUG] THEME: default
2025-07-11 16:45:18 GUI [DEBUG] THEME: default
2025-07-11 16:45:18 GUI [DEBUG] THEME: default
2025-07-11 16:45:18 GUI [DEBUG] THEME: default
2025-07-11 16:45:18 GUI [DEBUG] THEME: default
2025-07-11 16:45:18 GUI [DEBUG] THEME: default
2025-07-11 16:45:18 GUI [DEBUG] THEME: default
2025-07-11 16:45:18 GUI [DEBUG] THEME: default
2025-07-11 16:45:18 GUI [DEBUG] THEME: default
2025-07-11 16:45:18 GUI [DEBUG] THEME: default
2025-07-11 16:45:18 GUI [DEBUG] THEME: default
2025-07-11 16:45:18 GUI [DEBUG] THEME: default
2025-07-11 16:45:18 GUI [DEBUG] THEME: default
2025-07-11 16:45:18 GUI [DEBUG] THEME: default
2025-07-11 16:45:18 GUI [DEBUG] THEME: default
2025-07-11 16:45:18 GUI [DEBUG] THEME: default
2025-07-11 16:45:18 Settings [DEBUG] Locale: en
2025-07-11 16:45:18 Settings [DEBUG] Locale: en
2025-07-11 16:45:18 GameClock [DEBUG] Present number of tabs: 1
2025-07-11 16:45:18 Client [DEBUG] Client: running function: run()
2025-07-11 16:45:18 Client [DEBUG] Client: input code: #message
2025-07-11 16:45:18 Client [DEBUG] Client: input code: #settings
2025-07-11 16:45:18 Client [DEBUG] Client: input code: #message
2025-07-11 16:45:27 Client [DEBUG] Client: input code: #move
2025-07-11 16:45:27 Chessboard [DEBUG] active_x: 5 active_y: 7
2025-07-11 16:45:27 Game [DEBUG] next move, active player: jshfd, color: BLACK, type: LOCAL_USER
2025-07-11 16:45:28 Chessboard2D [DEBUG] square_x: 4.0 square_y: 2.0
2025-07-11 16:45:28 Chessboard [DEBUG] active_x: 4 active_y: 2
2025-07-11 16:45:29 Chessboard2D [DEBUG] square_x: 4.0 square_y: 4.0
2025-07-11 16:45:29 Client [DEBUG] Client: running function: sendMove(3, 1, 3, 3)
2025-07-11 16:45:29 Game [DEBUG] next move, active player: gvv, color: WHITE, type: NETWORK_USER
2025-07-11 16:45:32 Client [DEBUG] Client: input code: #move
2025-07-11 16:45:32 Chessboard [DEBUG] active_x: 5 active_y: 5
2025-07-11 16:45:32 Game [DEBUG] next move, active player: jshfd, color: BLACK, type: LOCAL_USER
2025-07-11 16:45:34 Chessboard2D [DEBUG] square_x: 6.0 square_y: 7.0
2025-07-11 16:45:41 Chessboard2D [DEBUG] square_x: 6.0 square_y: 2.0
2025-07-11 16:45:41 Chessboard [DEBUG] active_x: 6 active_y: 2
2025-07-11 16:45:42 Chessboard2D [DEBUG] square_x: 6.0 square_y: 4.0
2025-07-11 16:45:42 Client [DEBUG] Client: running function: sendMove(5, 1, 5, 3)
2025-07-11 16:45:42 Game [DEBUG] next move, active player: gvv, color: WHITE, type: NETWORK_USER
2025-07-11 16:45:44 Client [DEBUG] Client: input code: #move
2025-07-11 16:45:44 Chessboard [DEBUG] active_x: 6 active_y: 7
2025-07-11 16:45:44 Game [DEBUG] next move, active player: jshfd, color: BLACK, type: LOCAL_USER
2025-07-11 16:45:49 Client [DEBUG] Client: running function: sendMessage(hello)
2025-07-11 16:45:49 Client [DEBUG] Client: input code: #message
2025-07-11 16:45:53 Client [DEBUG] Client: input code: #message
2025-07-11 16:46:02 Settings [DEBUG] Locale: en
2025-07-11 16:46:02 Settings [DEBUG] Locale: en
2025-07-11 16:46:02 Settings [DEBUG] Locale: en
2025-07-11 16:46:02 Settings [DEBUG] Locale: en
2025-07-11 16:46:02 Settings [DEBUG] Locale: en
2025-07-11 16:46:02 Settings [DEBUG] Locale: en
2025-07-11 16:46:02 Settings [DEBUG] Locale: en
2025-07-11 16:46:02 Settings [DEBUG] Locale: en
2025-07-11 16:46:02 Settings [DEBUG] Locale: en
2025-07-11 16:46:02 Settings [DEBUG] Locale: en
2025-07-11 16:46:02 Settings [DEBUG] Locale: en
2025-07-11 16:46:02 Settings [DEBUG] Locale: en
2025-07-11 16:46:02 Settings [DEBUG] Locale: en
2025-07-11 16:46:02 Settings [DEBUG] Locale: en
2025-07-11 16:46:02 Settings [DEBUG] Locale: en
2025-07-11 16:46:02 Settings [DEBUG] Locale: en
2025-07-11 16:46:02 Settings [DEBUG] Locale: en
2025-07-11 16:46:02 Settings [DEBUG] Locale: en
2025-07-11 16:46:02 Settings [DEBUG] Locale: en
2025-07-11 16:46:02 Settings [DEBUG] Locale: en
2025-07-11 16:46:02 Settings [DEBUG] Locale: en
2025-07-11 16:46:02 Settings [DEBUG] Locale: en
2025-07-11 16:46:02 Settings [DEBUG] Locale: en
2025-07-11 16:46:02 Settings [DEBUG] Locale: en
2025-07-11 16:46:27 Settings [DEBUG] Locale: en
2025-07-11 16:46:27 Settings [DEBUG] Locale: en
2025-07-11 16:46:27 Settings [DEBUG] Locale: en
2025-07-11 16:46:27 Settings [DEBUG] Locale: en
2025-07-11 16:46:27 Settings [DEBUG] Locale: en
2025-07-11 16:46:27 Settings [DEBUG] Locale: en
2025-07-11 16:46:27 Settings [DEBUG] Locale: en
2025-07-11 16:46:27 Settings [DEBUG] Locale: en
2025-07-11 16:46:27 Settings [DEBUG] Locale: en
2025-07-11 16:46:27 Settings [DEBUG] Locale: en
2025-07-11 16:46:27 Settings [DEBUG] Locale: en
2025-07-11 16:46:27 Settings [DEBUG] Locale: en
2025-07-11 16:46:27 Settings [DEBUG] Locale: en
2025-07-11 16:46:27 Settings [DEBUG] Locale: en
2025-07-11 16:46:27 Settings [DEBUG] Locale: en
2025-07-11 16:46:27 Settings [DEBUG] Locale: en
2025-07-11 16:46:27 Settings [DEBUG] Locale: en
2025-07-11 16:46:27 Settings [DEBUG] Locale: en
2025-07-11 16:46:27 Settings [DEBUG] Locale: en
2025-07-11 16:46:27 Settings [DEBUG] Locale: en
2025-07-11 16:46:27 Settings [DEBUG] Locale: en
2025-07-11 16:46:27 Settings [DEBUG] Locale: en
2025-07-11 16:46:27 Settings [DEBUG] Locale: en
2025-07-11 16:46:27 Settings [DEBUG] Locale: en
2025-07-11 16:46:35 Settings [DEBUG] Locale: en
2025-07-11 16:46:35 Settings [DEBUG] Locale: en
2025-07-11 16:46:35 Settings [DEBUG] Locale: en
2025-07-11 16:46:35 Settings [DEBUG] Locale: en
2025-07-11 16:46:35 Settings [DEBUG] Locale: en
2025-07-11 16:46:35 Settings [DEBUG] Locale: en
2025-07-11 16:46:35 Settings [DEBUG] Locale: en
2025-07-11 16:46:35 GameClock [DEBUG] Present number of tabs: 2
2025-07-11 16:46:35 DrawLocalSettings [DEBUG] this.time4Game.getActionCommand(): comboBoxChanged
2025-07-11 16:46:35 DrawLocalSettings [DEBUG] ****************
Starting new game: hsudhd vs. CPU
time 4 game: 0
time limit set: false
white on top?: false
****************
2025-07-11 16:46:43 Chessboard2D [DEBUG] square_x: 5.0 square_y: 6.0
2025-07-11 16:46:43 Chessboard2D [DEBUG] square_x: 5.0 square_y: 6.0
2025-07-11 16:46:44 Chessboard2D [DEBUG] square_x: 5.0 square_y: 7.0
2025-07-11 16:46:44 Chessboard [DEBUG] active_x: 5 active_y: 7
2025-07-11 16:46:47 Chessboard2D [DEBUG] square_x: 5.0 square_y: 5.0
2025-07-11 16:46:47 Game [DEBUG] next move, active player: CPU, color: BLACK, type: COMPUTER
2025-07-11 16:46:47 Game [DEBUG] next move, active player: hsudhd, color: WHITE, type: LOCAL_USER
